<?xml version="1.0" encoding="UTF-8"?>
<!-- Generated by org.testng.reporters.JUnitReportReporter -->
<testsuite skipped="0" hostname="BEHERB2-L1" name="basic_test.TestThree_GET_POST" tests="3" failures="0" timestamp="07 Aug 2021 18:48:56 GMT" time="5.006" errors="0">
  <testcase name="Test_02_GET" time="0.740" classname="basic_test.TestThree_GET_POST"/>
  <testcase name="Test_03_POST" time="1.350" classname="basic_test.TestThree_GET_POST"/>
  <testcase name="Test_01_GET" time="2.916" classname="basic_test.TestThree_GET_POST"/>
</testsuite> <!-- basic_test.TestThree_GET_POST -->
