<?xml version="1.0" encoding="UTF-8"?>
<!-- Generated by org.testng.reporters.JUnitReportReporter -->
<testsuite skipped="0" hostname="BEHERB2-L1" name="jsonSchema_test.ValidateJsonSchema_01" tests="1" failures="0" timestamp="08 Aug 2021 08:09:36 GMT" time="2.905" errors="0">
  <testcase name="Test_01_JSONSchema" time="2.905" classname="jsonSchema_test.ValidateJsonSchema_01"/>
</testsuite> <!-- jsonSchema_test.ValidateJsonSchema_01 -->
