<?xml version="1.0" encoding="UTF-8"?>
<!-- Generated by org.testng.reporters.JUnitReportReporter -->
<testsuite skipped="0" hostname="BEHERB2-L1" name="basic_test.TestTwo" tests="1" failures="0" timestamp="07 Aug 2021 09:56:57 GMT" time="2.723" errors="0">
  <testcase name="Test_01" time="2.723" classname="basic_test.TestTwo"/>
</testsuite> <!-- basic_test.TestTwo -->
