<?xml version="1.0" encoding="UTF-8"?>
<!-- Generated by org.testng.reporters.JUnitReportReporter -->
<testsuite skipped="0" hostname="BEHERB2-L1" name="localAPI_test.LocalAPI_GET_Test01" tests="2" failures="0" timestamp="08 Aug 2021 04:45:37 GMT" time="1.659" errors="0">
  <testcase name="Test_02_GET" time="0.027" classname="localAPI_test.LocalAPI_GET_Test01"/>
  <testcase name="Test_01_GET" time="1.632" classname="localAPI_test.LocalAPI_GET_Test01"/>
</testsuite> <!-- localAPI_test.LocalAPI_GET_Test01 -->
