<?xml version="1.0" encoding="UTF-8"?>
<!-- Generated by org.testng.reporters.JUnitReportReporter -->
<testsuite skipped="0" hostname="BEHERB2-L1" name="basic_test.TestTwo_GET" tests="1" failures="0" timestamp="08 Aug 2021 04:06:05 GMT" time="2.582" errors="0">
  <testcase name="Test_01" time="2.582" classname="basic_test.TestTwo_GET"/>
</testsuite> <!-- basic_test.TestTwo_GET -->
