<?xml version="1.0" encoding="UTF-8"?>
<!-- Generated by org.testng.reporters.JUnitReportReporter -->
<testsuite skipped="0" hostname="BEHERB2-L1" name="basic_test.TestFour_PUT_PATCH_DELETE" tests="3" failures="0" timestamp="07 Aug 2021 19:34:54 GMT" time="6.159" errors="0">
  <testcase name="Test_01_PUT" time="3.135" classname="basic_test.TestFour_PUT_PATCH_DELETE"/>
  <testcase name="Test_03_DELETE" time="1.273" classname="basic_test.TestFour_PUT_PATCH_DELETE"/>
  <testcase name="Test_02_PATCH" time="1.751" classname="basic_test.TestFour_PUT_PATCH_DELETE"/>
</testsuite> <!-- basic_test.TestFour_PUT_PATCH_DELETE -->
