<?xml version="1.0" encoding="UTF-8"?>
<!-- Generated by org.testng.reporters.JUnitReportReporter -->
<testsuite skipped="0" hostname="BEHERB2-L1" name="basic_test.TestFive_GET" tests="1" failures="0" timestamp="08 Aug 2021 04:14:54 GMT" time="2.577" errors="0">
  <testcase name="Test_01_GET" time="2.577" classname="basic_test.TestFive_GET"/>
</testsuite> <!-- basic_test.TestFive_GET -->
