<?xml version="1.0" encoding="UTF-8"?>
<!-- Generated by org.testng.reporters.JUnitReportReporter -->
<testsuite skipped="0" hostname="BEHERB2-L1" name="localAPI_test.LocalAPI_DELETE_Test01" tests="1" failures="0" timestamp="08 Aug 2021 07:35:54 GMT" time="1.660" errors="0">
  <testcase name="Test_01_DELETE" time="1.660" classname="localAPI_test.LocalAPI_DELETE_Test01"/>
</testsuite> <!-- localAPI_test.LocalAPI_DELETE_Test01 -->
